Using pre-set license
Built from '2020.3/staging' branch; Version is '2020.3.11f1 (99c7afb366b3) revision 10078127'; Using compiler version '192528614'; Build Type 'Release'
OS: 'Windows 10 Home; OS build 19042.1052; Version 2009; 64bit' Language: 'en' Physical Memory: 7549 MB
BatchMode: 1, IsHumanControllingUs: 0, StartBugReporterOnCrash: 0, Is64bit: 1, IsPro: 0

 COMMAND LINE ARGUMENTS:
C:\Program Files\Unity\Hub\Editor\2020.3.11f1\Editor\Unity.exe
-adb2
-batchMode
-noUpm
-name
AssetImportWorker0
-projectPath
C:/Users/qijie/OneDrive/Documents/GitHub/We-ll-Think-About-A-Name-Later/Game/We'll Think About A Name Later
-logFile
Logs/AssetImportWorker0.log
-srvPort
55432
Successfully changed project path to: C:/Users/qijie/OneDrive/Documents/GitHub/We-ll-Think-About-A-Name-Later/Game/We'll Think About A Name Later
C:/Users/qijie/OneDrive/Documents/GitHub/We-ll-Think-About-A-Name-Later/Game/We'll Think About A Name Later
Using Asset Import Pipeline V2.
Refreshing native plugins compatible for Editor in 81.53 ms, found 3 plugins.
Preloading 0 native plugins for Editor in 0.00 ms.
Initialize engine version: 2020.3.11f1 (99c7afb366b3)
[Subsystems] Discovering subsystems at path C:/Program Files/Unity/Hub/Editor/2020.3.11f1/Editor/Data/Resources/UnitySubsystems
[Subsystems] Discovering subsystems at path C:/Users/qijie/OneDrive/Documents/GitHub/We-ll-Think-About-A-Name-Later/Game/We'll Think About A Name Later/Assets
GfxDevice: creating device client; threaded=0
Direct3D:
    Version:  Direct3D 11.0 [level 11.1]
    Renderer: AMD Radeon(TM) Graphics (ID=0x1636)
    Vendor:   
    VRAM:     3774 MB
    Driver:   26.20.14040.0
Initialize mono
Mono path[0] = 'C:/Program Files/Unity/Hub/Editor/2020.3.11f1/Editor/Data/Managed'
Mono path[1] = 'C:/Program Files/Unity/Hub/Editor/2020.3.11f1/Editor/Data/MonoBleedingEdge/lib/mono/unityjit'
Mono config path = 'C:/Program Files/Unity/Hub/Editor/2020.3.11f1/Editor/Data/MonoBleedingEdge/etc'
Using monoOptions --debugger-agent=transport=dt_socket,embedding=1,server=y,suspend=n,address=127.0.0.1:56832
Begin MonoManager ReloadAssembly
Registering precompiled unity dll's ...
Register platform support module: C:/Program Files/Unity/Hub/Editor/2020.3.11f1/Editor/Data/PlaybackEngines/WebGLSupport/UnityEditor.WebGL.Extensions.dll
Register platform support module: C:/Program Files/Unity/Hub/Editor/2020.3.11f1/Editor/Data/PlaybackEngines/WindowsStandaloneSupport/UnityEditor.WindowsStandalone.Extensions.dll
Registered in 0.004184 seconds.
Native extension for WindowsStandalone target not found
Native extension for WebGL target not found
Refreshing native plugins compatible for Editor in 73.37 ms, found 3 plugins.
Preloading 0 native plugins for Editor in 0.00 ms.
Mono: successfully reloaded assembly
- Completed reload, in  4.469 seconds
Platform modules already initialized, skipping
Registering precompiled user dll's ...
Registered in 0.010075 seconds.
Begin MonoManager ReloadAssembly
Native extension for WindowsStandalone target not found
Native extension for WebGL target not found
Refreshing native plugins compatible for Editor in 69.91 ms, found 3 plugins.
Preloading 0 native plugins for Editor in 0.00 ms.
Mono: successfully reloaded assembly
- Completed reload, in  1.956 seconds
Platform modules already initialized, skipping
========================================================================
Worker process is ready to serve import requests
Launched and connected shader compiler UnityShaderCompiler.exe after 0.08 seconds
Refreshing native plugins compatible for Editor in 0.67 ms, found 3 plugins.
Preloading 0 native plugins for Editor in 0.00 ms.
Unloading 2084 Unused Serialized files (Serialized files now loaded: 0)
System memory in use before: 93.8 MB.
System memory in use after: 93.9 MB.

Unloading 28 unused Assets to reduce memory usage. Loaded Objects now: 2523.
Total: 3.893400 ms (FindLiveObjects: 0.348700 ms CreateObjectMapping: 0.097500 ms MarkObjects: 3.333400 ms  DeleteObjects: 0.111300 ms)

========================================================================
Received Import Request.
  path: Assets/Resources/Prefabs/projectileBoss.prefab
  artifactKey: Guid(0541a35f6c20aaa47a0c940d233ca4a2) Importer(815301076,1909f56bfc062723c751e8b465ee728b)
Start importing Assets/Resources/Prefabs/projectileBoss.prefab using Guid(0541a35f6c20aaa47a0c940d233ca4a2) Importer(815301076,1909f56bfc062723c751e8b465ee728b)  -> (artifact id: 'cca141e5ef4b81e23006275ff5e2c442') in 0.180701 seconds
  Import took 0.188300 seconds .

========================================================================
Received Import Request.
  Time since last request: 0.000748 seconds.
  path: Assets/Resources/Prefabs/playerProjectile.prefab
  artifactKey: Guid(9a69e31e0cc6d0b458d57b7c24114374) Importer(815301076,1909f56bfc062723c751e8b465ee728b)
Start importing Assets/Resources/Prefabs/playerProjectile.prefab using Guid(9a69e31e0cc6d0b458d57b7c24114374) Importer(815301076,1909f56bfc062723c751e8b465ee728b)  -> (artifact id: '6cfff21c04d6b0d94f53b7a7444b3673') in 0.018874 seconds
  Import took 0.027112 seconds .

========================================================================
Received Import Request.
  Time since last request: 6.949246 seconds.
  path: Assets/Resources/Prefabs/projectileBoss.prefab
  artifactKey: Guid(0541a35f6c20aaa47a0c940d233ca4a2) Importer(815301076,1909f56bfc062723c751e8b465ee728b)
Start importing Assets/Resources/Prefabs/projectileBoss.prefab using Guid(0541a35f6c20aaa47a0c940d233ca4a2) Importer(815301076,1909f56bfc062723c751e8b465ee728b)  -> (artifact id: 'd481f532abaf46c46051cad3968b41a8') in 0.017697 seconds
  Import took 0.024689 seconds .

========================================================================
Received Import Request.
  Time since last request: 0.026497 seconds.
  path: Assets/Resources/Prefabs/projectileBoss.prefab
  artifactKey: Guid(0541a35f6c20aaa47a0c940d233ca4a2) Importer(815301076,1909f56bfc062723c751e8b465ee728b)
Start importing Assets/Resources/Prefabs/projectileBoss.prefab using Guid(0541a35f6c20aaa47a0c940d233ca4a2) Importer(815301076,1909f56bfc062723c751e8b465ee728b)  -> (artifact id: 'd481f532abaf46c46051cad3968b41a8') in 0.015034 seconds
  Import took 0.022833 seconds .

========================================================================
Received Import Request.
  Time since last request: 0.689904 seconds.
  path: Assets/Resources/Prefabs/projectileBoss.prefab
  artifactKey: Guid(0541a35f6c20aaa47a0c940d233ca4a2) Importer(815301076,1909f56bfc062723c751e8b465ee728b)
Start importing Assets/Resources/Prefabs/projectileBoss.prefab using Guid(0541a35f6c20aaa47a0c940d233ca4a2) Importer(815301076,1909f56bfc062723c751e8b465ee728b)  -> (artifact id: '9ad65b6dc9324bb2c11730984f014c4d') in 0.017537 seconds
  Import took 0.024856 seconds .

========================================================================
Received Prepare
Registering precompiled user dll's ...
Registered in 0.008091 seconds.
Begin MonoManager ReloadAssembly
Native extension for WindowsStandalone target not found
Native extension for WebGL target not found
Refreshing native plugins compatible for Editor in 0.93 ms, found 3 plugins.
Preloading 0 native plugins for Editor in 0.00 ms.
Mono: successfully reloaded assembly
- Completed reload, in  1.708 seconds
Platform modules already initialized, skipping
Refreshing native plugins compatible for Editor in 0.72 ms, found 3 plugins.
Preloading 0 native plugins for Editor in 0.00 ms.
Unloading 2074 Unused Serialized files (Serialized files now loaded: 0)
System memory in use before: 96.2 MB.
System memory in use after: 96.3 MB.

Unloading 16 unused Assets to reduce memory usage. Loaded Objects now: 2534.
Total: 4.614500 ms (FindLiveObjects: 0.301400 ms CreateObjectMapping: 0.091000 ms MarkObjects: 4.188200 ms  DeleteObjects: 0.031200 ms)

========================================================================
Received Import Request.
  Time since last request: 10.489713 seconds.
  path: Assets/Resources/Prefabs/projectileBoss.prefab
  artifactKey: Guid(0541a35f6c20aaa47a0c940d233ca4a2) Importer(815301076,1909f56bfc062723c751e8b465ee728b)
Start importing Assets/Resources/Prefabs/projectileBoss.prefab using Guid(0541a35f6c20aaa47a0c940d233ca4a2) Importer(815301076,1909f56bfc062723c751e8b465ee728b)  -> (artifact id: '52ec855bda68844223f07ee9aa6e7d68') in 0.091943 seconds
  Import took 0.099799 seconds .

========================================================================
Received Import Request.
  Time since last request: 6.337080 seconds.
  path: Assets/Resources/Prefabs/projectileBoss.prefab
  artifactKey: Guid(0541a35f6c20aaa47a0c940d233ca4a2) Importer(815301076,1909f56bfc062723c751e8b465ee728b)
Start importing Assets/Resources/Prefabs/projectileBoss.prefab using Guid(0541a35f6c20aaa47a0c940d233ca4a2) Importer(815301076,1909f56bfc062723c751e8b465ee728b)  -> (artifact id: 'c94a8514465eae3729345ab68b8b26f9') in 0.022700 seconds
  Import took 0.032517 seconds .

========================================================================
Received Import Request.
  Time since last request: 0.038442 seconds.
  path: Assets/Resources/Prefabs/projectileBoss.prefab
  artifactKey: Guid(0541a35f6c20aaa47a0c940d233ca4a2) Importer(815301076,1909f56bfc062723c751e8b465ee728b)
Start importing Assets/Resources/Prefabs/projectileBoss.prefab using Guid(0541a35f6c20aaa47a0c940d233ca4a2) Importer(815301076,1909f56bfc062723c751e8b465ee728b)  -> (artifact id: 'c94a8514465eae3729345ab68b8b26f9') in 0.026505 seconds
  Import took 0.037029 seconds .

========================================================================
Received Import Request.
  Time since last request: 2.746347 seconds.
  path: Assets/Resources/Prefabs/projectileBoss.prefab
  artifactKey: Guid(0541a35f6c20aaa47a0c940d233ca4a2) Importer(815301076,1909f56bfc062723c751e8b465ee728b)
Start importing Assets/Resources/Prefabs/projectileBoss.prefab using Guid(0541a35f6c20aaa47a0c940d233ca4a2) Importer(815301076,1909f56bfc062723c751e8b465ee728b)  -> (artifact id: 'bc491b2bd7b99538eed1dc419d9c39a3') in 0.024887 seconds
  Import took 0.035370 seconds .

========================================================================
Received Import Request.
  Time since last request: 0.028805 seconds.
  path: Assets/Resources/Prefabs/projectileBoss.prefab
  artifactKey: Guid(0541a35f6c20aaa47a0c940d233ca4a2) Importer(815301076,1909f56bfc062723c751e8b465ee728b)
Start importing Assets/Resources/Prefabs/projectileBoss.prefab using Guid(0541a35f6c20aaa47a0c940d233ca4a2) Importer(815301076,1909f56bfc062723c751e8b465ee728b)  -> (artifact id: 'bc491b2bd7b99538eed1dc419d9c39a3') in 0.026132 seconds
  Import took 0.038713 seconds .

========================================================================
Received Import Request.
  Time since last request: 3.249111 seconds.
  path: Assets/Resources/Prefabs/projectileBoss.prefab
  artifactKey: Guid(0541a35f6c20aaa47a0c940d233ca4a2) Importer(815301076,1909f56bfc062723c751e8b465ee728b)
Start importing Assets/Resources/Prefabs/projectileBoss.prefab using Guid(0541a35f6c20aaa47a0c940d233ca4a2) Importer(815301076,1909f56bfc062723c751e8b465ee728b)  -> (artifact id: '6090862c82f59e5e79d2f05a0e6321e0') in 0.023837 seconds
  Import took 0.032541 seconds .

========================================================================
Received Prepare
Registering precompiled user dll's ...
Registered in 0.009864 seconds.
Begin MonoManager ReloadAssembly
Native extension for WindowsStandalone target not found
Native extension for WebGL target not found
Refreshing native plugins compatible for Editor in 1.03 ms, found 3 plugins.
Preloading 0 native plugins for Editor in 0.00 ms.
Mono: successfully reloaded assembly
- Completed reload, in  1.808 seconds
Platform modules already initialized, skipping
Refreshing native plugins compatible for Editor in 0.69 ms, found 3 plugins.
Preloading 0 native plugins for Editor in 0.00 ms.
Unloading 2074 Unused Serialized files (Serialized files now loaded: 0)
System memory in use before: 96.3 MB.
System memory in use after: 96.4 MB.

Unloading 16 unused Assets to reduce memory usage. Loaded Objects now: 2539.
Total: 3.999400 ms (FindLiveObjects: 0.306100 ms CreateObjectMapping: 0.077000 ms MarkObjects: 3.585000 ms  DeleteObjects: 0.028600 ms)

========================================================================
Received Prepare
Registering precompiled user dll's ...
Registered in 0.007882 seconds.
Begin MonoManager ReloadAssembly
Native extension for WindowsStandalone target not found
Native extension for WebGL target not found
Refreshing native plugins compatible for Editor in 0.63 ms, found 3 plugins.
Preloading 0 native plugins for Editor in 0.00 ms.
Mono: successfully reloaded assembly
- Completed reload, in  1.722 seconds
Platform modules already initialized, skipping
Refreshing native plugins compatible for Editor in 0.59 ms, found 3 plugins.
Preloading 0 native plugins for Editor in 0.00 ms.
Unloading 2074 Unused Serialized files (Serialized files now loaded: 0)
System memory in use before: 96.3 MB.
System memory in use after: 96.4 MB.

Unloading 16 unused Assets to reduce memory usage. Loaded Objects now: 2543.
Total: 2.917600 ms (FindLiveObjects: 0.255000 ms CreateObjectMapping: 0.060700 ms MarkObjects: 2.574600 ms  DeleteObjects: 0.025400 ms)

========================================================================
Received Prepare
Registering precompiled user dll's ...
Registered in 0.007174 seconds.
Begin MonoManager ReloadAssembly
Native extension for WindowsStandalone target not found
Native extension for WebGL target not found
Refreshing native plugins compatible for Editor in 0.86 ms, found 3 plugins.
Preloading 0 native plugins for Editor in 0.00 ms.
Mono: successfully reloaded assembly
- Completed reload, in  1.340 seconds
Platform modules already initialized, skipping
Refreshing native plugins compatible for Editor in 0.55 ms, found 3 plugins.
Preloading 0 native plugins for Editor in 0.00 ms.
Unloading 2074 Unused Serialized files (Serialized files now loaded: 0)
System memory in use before: 96.3 MB.
System memory in use after: 96.5 MB.

Unloading 16 unused Assets to reduce memory usage. Loaded Objects now: 2547.
Total: 3.587300 ms (FindLiveObjects: 0.276700 ms CreateObjectMapping: 0.057100 ms MarkObjects: 3.222900 ms  DeleteObjects: 0.028700 ms)

========================================================================
Received Prepare
Registering precompiled user dll's ...
Registered in 0.008463 seconds.
Begin MonoManager ReloadAssembly
Native extension for WindowsStandalone target not found
Native extension for WebGL target not found
Refreshing native plugins compatible for Editor in 0.64 ms, found 3 plugins.
Preloading 0 native plugins for Editor in 0.00 ms.
Mono: successfully reloaded assembly
- Completed reload, in  1.599 seconds
Platform modules already initialized, skipping
Refreshing native plugins compatible for Editor in 0.61 ms, found 3 plugins.
Preloading 0 native plugins for Editor in 0.00 ms.
Unloading 2074 Unused Serialized files (Serialized files now loaded: 0)
System memory in use before: 96.4 MB.
System memory in use after: 96.5 MB.

Unloading 16 unused Assets to reduce memory usage. Loaded Objects now: 2551.
Total: 2.794100 ms (FindLiveObjects: 0.258900 ms CreateObjectMapping: 0.065300 ms MarkObjects: 2.441400 ms  DeleteObjects: 0.027100 ms)

========================================================================
Received Prepare
Registering precompiled user dll's ...
Registered in 0.005788 seconds.
Begin MonoManager ReloadAssembly
Native extension for WindowsStandalone target not found
Native extension for WebGL target not found
Refreshing native plugins compatible for Editor in 1.34 ms, found 3 plugins.
Preloading 0 native plugins for Editor in 0.00 ms.
Mono: successfully reloaded assembly
- Completed reload, in  1.230 seconds
Platform modules already initialized, skipping
Refreshing native plugins compatible for Editor in 0.51 ms, found 3 plugins.
Preloading 0 native plugins for Editor in 0.00 ms.
Unloading 2074 Unused Serialized files (Serialized files now loaded: 0)
System memory in use before: 96.4 MB.
System memory in use after: 96.5 MB.

Unloading 16 unused Assets to reduce memory usage. Loaded Objects now: 2555.
Total: 2.667600 ms (FindLiveObjects: 0.314500 ms CreateObjectMapping: 0.063200 ms MarkObjects: 2.262600 ms  DeleteObjects: 0.025200 ms)

========================================================================
Received Prepare
Registering precompiled user dll's ...
Registered in 0.007022 seconds.
Begin MonoManager ReloadAssembly
Native extension for WindowsStandalone target not found
Native extension for WebGL target not found
Refreshing native plugins compatible for Editor in 0.64 ms, found 3 plugins.
Preloading 0 native plugins for Editor in 0.00 ms.
Mono: successfully reloaded assembly
- Completed reload, in  1.585 seconds
Platform modules already initialized, skipping
Refreshing native plugins compatible for Editor in 0.67 ms, found 3 plugins.
Preloading 0 native plugins for Editor in 0.00 ms.
Unloading 2074 Unused Serialized files (Serialized files now loaded: 0)
System memory in use before: 96.4 MB.
System memory in use after: 96.5 MB.

Unloading 16 unused Assets to reduce memory usage. Loaded Objects now: 2559.
Total: 3.407500 ms (FindLiveObjects: 0.302500 ms CreateObjectMapping: 0.090000 ms MarkObjects: 2.980300 ms  DeleteObjects: 0.032900 ms)

========================================================================
Received Prepare
Registering precompiled user dll's ...
Registered in 0.004619 seconds.
Begin MonoManager ReloadAssembly
Native extension for WindowsStandalone target not found
Native extension for WebGL target not found
Refreshing native plugins compatible for Editor in 0.54 ms, found 3 plugins.
Preloading 0 native plugins for Editor in 0.00 ms.
Mono: successfully reloaded assembly
- Completed reload, in  1.036 seconds
Platform modules already initialized, skipping
Refreshing native plugins compatible for Editor in 0.50 ms, found 3 plugins.
Preloading 0 native plugins for Editor in 0.00 ms.
Unloading 2074 Unused Serialized files (Serialized files now loaded: 0)
System memory in use before: 96.4 MB.
System memory in use after: 96.5 MB.

Unloading 16 unused Assets to reduce memory usage. Loaded Objects now: 2563.
Total: 2.841300 ms (FindLiveObjects: 0.389900 ms CreateObjectMapping: 0.160500 ms MarkObjects: 2.258600 ms  DeleteObjects: 0.030200 ms)

========================================================================
Received Prepare
Registering precompiled user dll's ...
Registered in 0.007451 seconds.
Begin MonoManager ReloadAssembly
Native extension for WindowsStandalone target not found
Native extension for WebGL target not found
Refreshing native plugins compatible for Editor in 0.65 ms, found 3 plugins.
Preloading 0 native plugins for Editor in 0.00 ms.
Mono: successfully reloaded assembly
- Completed reload, in  1.906 seconds
Platform modules already initialized, skipping
Refreshing native plugins compatible for Editor in 0.65 ms, found 3 plugins.
Preloading 0 native plugins for Editor in 0.00 ms.
Unloading 2074 Unused Serialized files (Serialized files now loaded: 0)
System memory in use before: 96.4 MB.
System memory in use after: 96.5 MB.

Unloading 16 unused Assets to reduce memory usage. Loaded Objects now: 2567.
Total: 5.045600 ms (FindLiveObjects: 0.363700 ms CreateObjectMapping: 0.138500 ms MarkObjects: 4.483000 ms  DeleteObjects: 0.057600 ms)

========================================================================
Received Prepare
Registering precompiled user dll's ...
Registered in 0.005529 seconds.
Begin MonoManager ReloadAssembly
Native extension for WindowsStandalone target not found
Native extension for WebGL target not found
Refreshing native plugins compatible for Editor in 0.66 ms, found 3 plugins.
Preloading 0 native plugins for Editor in 0.00 ms.
Mono: successfully reloaded assembly
- Completed reload, in  1.581 seconds
Platform modules already initialized, skipping
Refreshing native plugins compatible for Editor in 0.96 ms, found 3 plugins.
Preloading 0 native plugins for Editor in 0.00 ms.
Unloading 2074 Unused Serialized files (Serialized files now loaded: 0)
System memory in use before: 96.4 MB.
System memory in use after: 96.5 MB.

Unloading 16 unused Assets to reduce memory usage. Loaded Objects now: 2571.
Total: 4.129700 ms (FindLiveObjects: 0.336100 ms CreateObjectMapping: 0.078600 ms MarkObjects: 3.670700 ms  DeleteObjects: 0.041500 ms)

========================================================================
Received Prepare
Registering precompiled user dll's ...
Registered in 0.008737 seconds.
Begin MonoManager ReloadAssembly
Native extension for WindowsStandalone target not found
Native extension for WebGL target not found
Refreshing native plugins compatible for Editor in 1.07 ms, found 3 plugins.
Preloading 0 native plugins for Editor in 0.00 ms.
Mono: successfully reloaded assembly
- Completed reload, in  1.972 seconds
Platform modules already initialized, skipping
Refreshing native plugins compatible for Editor in 0.69 ms, found 3 plugins.
Preloading 0 native plugins for Editor in 0.00 ms.
Unloading 2074 Unused Serialized files (Serialized files now loaded: 0)
System memory in use before: 96.4 MB.
System memory in use after: 96.5 MB.

Unloading 16 unused Assets to reduce memory usage. Loaded Objects now: 2575.
Total: 4.227600 ms (FindLiveObjects: 0.314700 ms CreateObjectMapping: 0.093000 ms MarkObjects: 3.783400 ms  DeleteObjects: 0.034200 ms)

========================================================================
Received Prepare
Registering precompiled user dll's ...
Registered in 0.009669 seconds.
Begin MonoManager ReloadAssembly
Native extension for WindowsStandalone target not found
Native extension for WebGL target not found
Refreshing native plugins compatible for Editor in 0.83 ms, found 3 plugins.
Preloading 0 native plugins for Editor in 0.00 ms.
Mono: successfully reloaded assembly
- Completed reload, in  1.784 seconds
Platform modules already initialized, skipping
Refreshing native plugins compatible for Editor in 0.69 ms, found 3 plugins.
Preloading 0 native plugins for Editor in 0.00 ms.
Unloading 2074 Unused Serialized files (Serialized files now loaded: 0)
System memory in use before: 96.4 MB.
System memory in use after: 96.5 MB.

Unloading 16 unused Assets to reduce memory usage. Loaded Objects now: 2579.
Total: 3.721700 ms (FindLiveObjects: 0.323400 ms CreateObjectMapping: 0.086300 ms MarkObjects: 3.265400 ms  DeleteObjects: 0.044500 ms)

AssetImportWorkerClient::OnTransportError - code=2 error=End of file
